# JRE version: OpenJDK Runtime Environment (15.0.2+7) (build 15.0.2+7-27)
# Java VM: OpenJDK 64-Bit Server VM (15.0.2+7-27, mixed mode, tiered, compressed oops, g1 gc, windows-amd64)
GC Precious Log:
 CPUs: 4 total, 4 available
 Memory: 32681M
 Large Page Support: Disabled
 NUMA Support: Disabled
 Compressed Oops: Enabled (Zero based)
 Heap Region Size: 4M
 Heap Min Capacity: 8M
 Heap Initial Capacity: 512M
 Heap Max Capacity: 8172M
 Pre-touch: Disabled
 Parallel Workers: 4
 Concurrent Workers: 1
 Concurrent Refinement Workers: 4
 Periodic GC: Disabled
Heap:
 garbage-first heap   total 524288K, used 372121K [0x0000000601400000, 0x0000000800000000)
  region size 4096K, 43 young (176128K), 1 survivors (4096K)
 Metaspace       used 16331K, capacity 16533K, committed 16768K, reserved 1064960K
  class space    used 1360K, capacity 1400K, committed 1408K, reserved 1048576K
GC Heap History (8 events):
Event: 0.915 GC heap before
{Heap before GC invocations=0 (full 0):
 garbage-first heap   total 524288K, used 65536K [0x0000000601400000, 0x0000000800000000)
  region size 4096K, 6 young (24576K), 0 survivors (0K)
 Metaspace       used 14501K, capacity 14677K, committed 14848K, reserved 1062912K
  class space    used 1219K, capacity 1272K, committed 1280K, reserved 1048576K
}
Event: 0.919 GC heap after
{Heap after GC invocations=1 (full 0):
 garbage-first heap   total 524288K, used 44414K [0x0000000601400000, 0x0000000800000000)
  region size 4096K, 1 young (4096K), 1 survivors (4096K)
 Metaspace       used 14501K, capacity 14677K, committed 14848K, reserved 1062912K
  class space    used 1219K, capacity 1272K, committed 1280K, reserved 1048576K
}
Event: 1.002 GC heap before
{Heap before GC invocations=1 (full 0):
 garbage-first heap   total 524288K, used 64894K [0x0000000601400000, 0x0000000800000000)
  region size 4096K, 6 young (24576K), 1 survivors (4096K)
 Metaspace       used 14519K, capacity 14677K, committed 14848K, reserved 1062912K
  class space    used 1219K, capacity 1272K, committed 1280K, reserved 1048576K
}
Event: 1.005 GC heap after
{Heap after GC invocations=2 (full 0):
 garbage-first heap   total 524288K, used 44294K [0x0000000601400000, 0x0000000800000000)
  region size 4096K, 0 young (0K), 0 survivors (0K)
 Metaspace       used 14519K, capacity 14677K, committed 14848K, reserved 1062912K
  class space    used 1219K, capacity 1272K, committed 1280K, reserved 1048576K
}
Event: 1.621 GC heap before
{Heap before GC invocations=2 (full 0):
 garbage-first heap   total 524288K, used 244998K [0x0000000601400000, 0x0000000800000000)
  region size 4096K, 10 young (40960K), 0 survivors (0K)
 Metaspace       used 15913K, capacity 16085K, committed 16256K, reserved 1064960K
  class space    used 1349K, capacity 1400K, committed 1408K, reserved 1048576K
}
Event: 1.622 GC heap after
{Heap after GC invocations=3 (full 0):
 garbage-first heap   total 524288K, used 204243K [0x0000000601400000, 0x0000000800000000)
  region size 4096K, 1 young (4096K), 1 survivors (4096K)
 Metaspace       used 15913K, capacity 16085K, committed 16256K, reserved 1064960K
  class space    used 1349K, capacity 1400K, committed 1408K, reserved 1048576K
}
Event: 1.880 GC heap before
{Heap before GC invocations=3 (full 0):
 garbage-first heap   total 524288K, used 458195K [0x0000000601400000, 0x0000000800000000)
  region size 4096K, 63 young (258048K), 1 survivors (4096K)
 Metaspace       used 15913K, capacity 16085K, committed 16256K, reserved 1064960K
  class space    used 1349K, capacity 1400K, committed 1408K, reserved 1048576K
}
Event: 1.881 GC heap after
{Heap after GC invocations=4 (full 0):
 garbage-first heap   total 524288K, used 204185K [0x0000000601400000, 0x0000000800000000)
  region size 4096K, 1 young (4096K), 1 survivors (4096K)
 Metaspace       used 15913K, capacity 16085K, committed 16256K, reserved 1064960K
  class space    used 1349K, capacity 1400K, committed 1408K, reserved 1048576K
}

